{"logLevel":"debug","message":"multithreading is set to false"}
{"logLevel":"debug","message":"Using reflection to scan dependencies for gauge implementations..."}
{"logLevel":"debug","message":"gauge-java took 1213milliseconds to load and scan. This should be less than 'runner_connection_timeout' config value."}
{"logLevel":"debug","message":"run 'gauge config runner_connection_timeout' and verify that it is < 1213"}
{"logLevel":"debug","message":"starting gRPC server..."}
{"logLevel":"debug","message":"started gRPC server on port 62162"}
{"logLevel":"info","message":"Listening on port:62162"}
{"logLevel":"debug","message":"Scanning packages for steps"}
{"logLevel":"debug","message":"Comparing 'test.StepImplementation.zoomOut' and 'test.StepImplementation.zoomOut'"}
{"logLevel":"debug","message":"Found ZoomOut in current project scope."}
{"logLevel":"debug","message":"Comparing 'test.StepImplementation.wirelessHeadphone' and 'test.StepImplementation.wirelessHeadphone'"}
{"logLevel":"debug","message":"Found Kablosuz Kulaklýk Aramasý in current project scope."}
{"logLevel":"debug","message":"Comparing 'test.StepImplementation.checkXPathArrayValues' and 'test.StepImplementation.checkXPathArrayValues'"}
{"logLevel":"debug","message":"Found Arama Sonuçlarý Kontrol ediliyor in current project scope."}
{"logLevel":"debug","message":"Comparing 'test.StepImplementation.testRandomProduct' and 'test.StepImplementation.testRandomProduct'"}
{"logLevel":"debug","message":"Found Rastgele Ürün Seçimi in current project scope."}
{"logLevel":"debug","message":"Comparing 'test.StepImplementation.testRandomurl' and 'test.StepImplementation.testRandomurl'"}
{"logLevel":"debug","message":"Found Random article URL in current project scope."}
{"logLevel":"debug","message":"Comparing 'test.StepImplementation.waitForSecond' and 'test.StepImplementation.waitForSecond'"}
{"logLevel":"debug","message":"Found {} saniye bekle in current project scope."}
{"logLevel":"debug","message":"Comparing 'test.StepImplementation.checkXPathArrayValuesImage' and 'test.StepImplementation.checkXPathArrayValuesImage'"}
{"logLevel":"debug","message":"Found Image Control in current project scope."}
{"logLevel":"debug","message":"Comparing 'test.StepImplementation.searchButton' and 'test.StepImplementation.searchButton'"}
{"logLevel":"debug","message":"Found Arama Butonuna basýlýyor in current project scope."}
{"logLevel":"debug","message":"Comparing 'test.StepImplementation.resultCheck' and 'test.StepImplementation.resultCheck'"}
{"logLevel":"debug","message":"Found Arama Sonuçlarý Kontrol Ediliyor in current project scope."}
{"logLevel":"debug","message":"Comparing 'test.StepImplementation.assertMainpage' and 'test.StepImplementation.assertMainpage'"}
{"logLevel":"debug","message":"Found Main Page Control in current project scope."}
{"logLevel":"debug","message":"Scanning packages for hooks"}
{"logLevel":"debug","message":"Scanned steps (using static parsing + reflections): "}
{"logLevel":"debug","message":"\tRastgele Ürün Seçimi : public void testRandomProduct() throws InterruptedException"}
{"logLevel":"debug","message":"\tArama Butonuna basýlýyor : public void searchButton()"}
{"logLevel":"debug","message":"\tImage Control : public void checkXPathArrayValuesImage()"}
{"logLevel":"debug","message":"\tZoomOut : public void zoomOut()"}
{"logLevel":"debug","message":"\tArama Sonuçlarý Kontrol Ediliyor : public void resultCheck()"}
{"logLevel":"debug","message":"\tKablosuz Kulaklýk Aramasý : public void wirelessHeadphone()"}
{"logLevel":"debug","message":"\t{} saniye bekle : public void waitForSecond(Integer x) throws InterruptedException"}
{"logLevel":"debug","message":"\tMain Page Control : public void assertMainpage()"}
{"logLevel":"debug","message":"\tArama Sonuçlarý Kontrol ediliyor : public void checkXPathArrayValues()"}
{"logLevel":"debug","message":"\tRandom article URL : public void testRandomurl() throws InterruptedException"}
Starting ChromeDriver 130.0.6723.58 (3a50e012e4c9b8a410a4e2b12bf577e69ee8f755-refs/branch-heads/6723@{#1353}) on port 19937
Only local connections are allowed.
Please see https://chromedriver.chromium.org/security-considerations for suggestions on keeping ChromeDriver safe.
ChromeDriver was started successfully on port 19937.
[1737663018.724][WARNING]: This version of ChromeDriver has not been tested with Chrome version 131.
Oca 23, 2025 11:10:18 ÖS org.openqa.selenium.remote.ProtocolHandshake createSession
INFO: Detected dialect: W3C
{"logLevel":"debug","message":"Executing 'Main Page Control' using 'class test.StepImplementation.assertMainpage"}
{"logLevel":"debug","message":"Executing 'Arama Butonuna basýlýyor' using 'class test.StepImplementation.searchButton"}
{"logLevel":"debug","message":"Executing 'Kablosuz Kulaklýk Aramasý' using 'class test.StepImplementation.wirelessHeadphone"}
{"logLevel":"debug","message":"Executing 'Rastgele Ürün Seçimi' using 'class test.StepImplementation.testRandomProduct"}
Chosen Product: HIZLI TESLIMAT
KARGO BEDAVA
SoundPEATS Capsule3 Pro
Hi-res 3+3 Mikrofon Uyumlu 52 Saat Kullaným Süresi Anc-enc 5.3 Bluetooth Kulaklýk
1409 kiþi favoriledi!
4.4
(81)
1700 TL'ye 50 TL Ýndirim
2.514,95 TL
Birlikte Al Kazan
Sepete Ekle
{"logLevel":"debug","message":"Killing Java runner..."}
{"logLevel":"debug","message":"Stopping execution pool..."}
{"logLevel":"debug","message":"Shutting down grpc server..."}
{"logLevel":"debug","message":"Runner killed gracefully."}
